0 info it worked if it ends with ok
1 verbose cli [ 'C:\\Program Files\\nodejs\\\\node.exe',
1 verbose cli   'C:\\Program Files\\nodejs\\node_modules\\npm\\bin\\npm-cli.js',
1 verbose cli   '-g',
1 verbose cli   'install',
1 verbose cli   'weinre' ]
2 info using npm@2.11.3
3 info using node@v0.12.7
4 verbose install initial load of C:\Users\Justin\AppData\Roaming\npm\package.json
5 verbose readDependencies loading dependencies from C:\Users\Justin\AppData\Roaming\npm\package.json
6 silly cache add args [ 'weinre', null ]
7 verbose cache add spec weinre
8 silly cache add parsed spec { raw: 'weinre',
8 silly cache add   scope: null,
8 silly cache add   name: 'weinre',
8 silly cache add   rawSpec: '',
8 silly cache add   spec: '*',
8 silly cache add   type: 'range' }
9 silly addNamed weinre@*
10 verbose addNamed "*" is a valid semver range for weinre
11 silly addNameRange { name: 'weinre', range: '*', hasData: false }
12 silly mapToRegistry name weinre
13 silly mapToRegistry using default registry
14 silly mapToRegistry registry https://registry.npmjs.org/
15 silly mapToRegistry uri https://registry.npmjs.org/weinre
16 verbose addNameRange registry:https://registry.npmjs.org/weinre not in flight; fetching
17 verbose request uri https://registry.npmjs.org/weinre
18 verbose request no auth needed
19 info attempt registry request try #1 at 10:18:08 AM
20 verbose request id cd60096910332f7b
21 http request GET https://registry.npmjs.org/weinre
22 http 200 https://registry.npmjs.org/weinre
23 silly get cb [ 200,
23 silly get   { server: 'CouchDB/1.5.0 (Erlang OTP/R16B03)',
23 silly get     etag: '"34N2UQKETK3L7FOSSWZ4Y1A21"',
23 silly get     'content-type': 'application/json',
23 silly get     'cache-control': 'max-age=60',
23 silly get     'content-length': '18547',
23 silly get     'accept-ranges': 'bytes',
23 silly get     date: 'Sat, 15 Aug 2015 17:18:18 GMT',
23 silly get     via: '1.1 varnish',
23 silly get     age: '0',
23 silly get     connection: 'keep-alive',
23 silly get     'x-served-by': 'cache-sjc3123-SJC',
23 silly get     'x-cache': 'HIT',
23 silly get     'x-cache-hits': '1',
23 silly get     'x-timer': 'S1439659097.664739,VS0,VE348',
23 silly get     vary: 'Accept' } ]
24 verbose get saving weinre to C:\Users\Justin\AppData\Roaming\npm-cache\registry.npmjs.org\weinre\.cache.json
25 silly addNameRange number 2 { name: 'weinre', range: '*', hasData: true }
26 silly addNameRange versions [ 'weinre',
26 silly addNameRange   [ '2.0.0-pre-H0WTHDO5-incubating',
26 silly addNameRange     '2.0.0-pre-H1GCS73N-incubating',
26 silly addNameRange     '2.0.0-pre-H3FWTQKQ-incubating',
26 silly addNameRange     '2.0.0-pre-H41DGW8S-incubating',
26 silly addNameRange     '2.0.0-pre-H8EOSCLN-incubating',
26 silly addNameRange     '2.0.0-pre-H9PU2WST-incubating',
26 silly addNameRange     '2.0.0-pre-HA5N9T49',
26 silly addNameRange     '2.0.0-pre-HG9PLCRF',
26 silly addNameRange     '2.0.0-pre-HH0SN197',
26 silly addNameRange     '2.0.0-pre-HYFXM3QM',
26 silly addNameRange     '2.0.0-pre-HZ79PDUK',
26 silly addNameRange     '2.0.0-pre-HZO3BMNG',
26 silly addNameRange     '2.0.0-pre-I0Z7U9OV' ] ]
27 verbose stack Error: No compatible version found: weinre@'*'
27 verbose stack Valid install targets:
27 verbose stack ["2.0.0-pre-H0WTHDO5-incubating","2.0.0-pre-H1GCS73N-incubating","2.0.0-pre-H3FWTQKQ-incubating","2.0.0-pre-H41DGW8S-incubating","2.0.0-pre-H8EOSCLN-incubating","2.0.0-pre-H9PU2WST-incubating","2.0.0-pre-HA5N9T49","2.0.0-pre-HG9PLCRF","2.0.0-pre-HH0SN197","2.0.0-pre-HYFXM3QM","2.0.0-pre-HZ79PDUK","2.0.0-pre-HZO3BMNG","2.0.0-pre-I0Z7U9OV"]
27 verbose stack
27 verbose stack     at installTargetsError (C:\Program Files\nodejs\node_modules\npm\lib\cache\add-named.js:274:12)
27 verbose stack     at next (C:\Program Files\nodejs\node_modules\npm\lib\cache\add-named.js:253:17)
27 verbose stack     at setData (C:\Program Files\nodejs\node_modules\npm\lib\cache\add-named.js:230:5)
27 verbose stack     at RES (C:\Program Files\nodejs\node_modules\npm\node_modules\inflight\inflight.js:23:14)
27 verbose stack     at f (C:\Program Files\nodejs\node_modules\npm\node_modules\once\once.js:17:25)
27 verbose stack     at fixName (C:\Program Files\nodejs\node_modules\npm\lib\cache\add-named.js:29:5)
27 verbose stack     at saved (C:\Program Files\nodejs\node_modules\npm\lib\cache\caching-client.js:173:7)
27 verbose stack     at FSReqWrap.oncomplete (fs.js:95:15)
28 verbose cwd C:\Users\Justin\workspace\MendelMobile
29 error Windows_NT 6.3.9600
30 error argv "C:\\Program Files\\nodejs\\\\node.exe" "C:\\Program Files\\nodejs\\node_modules\\npm\\bin\\npm-cli.js" "-g" "install" "weinre"
31 error node v0.12.7
32 error npm  v2.11.3
33 error code ETARGET
34 error notarget No compatible version found: weinre@'*'
34 error notarget Valid install targets:
34 error notarget ["2.0.0-pre-H0WTHDO5-incubating","2.0.0-pre-H1GCS73N-incubating","2.0.0-pre-H3FWTQKQ-incubating","2.0.0-pre-H41DGW8S-incubating","2.0.0-pre-H8EOSCLN-incubating","2.0.0-pre-H9PU2WST-incubating","2.0.0-pre-HA5N9T49","2.0.0-pre-HG9PLCRF","2.0.0-pre-HH0SN197","2.0.0-pre-HYFXM3QM","2.0.0-pre-HZ79PDUK","2.0.0-pre-HZO3BMNG","2.0.0-pre-I0Z7U9OV"]
34 error notarget
34 error notarget This is most likely not a problem with npm itself.
34 error notarget In most cases you or one of your dependencies are requesting
34 error notarget a package version that doesn't exist.
35 verbose exit [ 1, true ]
